<?xml version="1.0" encoding="UTF-8"?>
<!-- Generated by org.testng.reporters.JUnitReportReporter -->
<testsuite hostname="Fransons-Laptop.local" failures="0" tests="1" name="testCases.TC002_LoginTest" time="0.864" errors="0" timestamp="2025-04-28T20:22:41 BST" skipped="0">
  <testcase classname="testCases.TC002_LoginTest" name="verify_login" time="0.864"/>
</testsuite> <!-- testCases.TC002_LoginTest -->
