<?xml version="1.0" encoding="UTF-8"?>
<!-- Generated by org.testng.reporters.JUnitReportReporter -->
<testsuite hostname="Fransons-Laptop.local" failures="0" tests="1" name="testCases.TC001_AccountRegistrationTest" time="0.856" errors="0" timestamp="2025-04-26T05:54:01 BST" skipped="0">
  <testcase classname="testCases.TC001_AccountRegistrationTest" name="verify_account_registration" time="0.856"/>
</testsuite> <!-- testCases.TC001_AccountRegistrationTest -->
